                                      1 ;--------------------------------------------------------
                                      2 ; File Created by SDCC : free open source ISO C Compiler 
                                      3 ; Version 4.4.0 #14620 (Linux)
                                      4 ;--------------------------------------------------------
                                      5 	.module main
                                      6 	.optsdcc -mstm8
                                      7 	
                                      8 ;--------------------------------------------------------
                                      9 ; Public variables in this module
                                     10 ;--------------------------------------------------------
                                     11 	.globl _main
                                     12 	.globl _setup
                                     13 	.globl _max7219_init
                                     14 	.globl _max7219_send
                                     15 	.globl _GPIO_WriteLow
                                     16 	.globl _GPIO_WriteHigh
                                     17 	.globl _GPIO_Init
                                     18 	.globl _CLK_HSIPrescalerConfig
                                     19 ;--------------------------------------------------------
                                     20 ; ram data
                                     21 ;--------------------------------------------------------
                                     22 	.area DATA
                                     23 ;--------------------------------------------------------
                                     24 ; ram data
                                     25 ;--------------------------------------------------------
                                     26 	.area INITIALIZED
                                     27 ;--------------------------------------------------------
                                     28 ; Stack segment in internal ram
                                     29 ;--------------------------------------------------------
                                     30 	.area SSEG
      000000                         31 __start__stack:
      000000                         32 	.ds	1
                                     33 
                                     34 ;--------------------------------------------------------
                                     35 ; absolute external ram data
                                     36 ;--------------------------------------------------------
                                     37 	.area DABS (ABS)
                                     38 
                                     39 ; default segment ordering for linker
                                     40 	.area HOME
                                     41 	.area GSINIT
                                     42 	.area GSFINAL
                                     43 	.area CONST
                                     44 	.area INITIALIZER
                                     45 	.area CODE
                                     46 
                                     47 ;--------------------------------------------------------
                                     48 ; interrupt vector
                                     49 ;--------------------------------------------------------
                                     50 	.area HOME
      000000                         51 __interrupt_vect:
      000000 82v00u00u00             52 	int s_GSINIT ; reset
      000004 82v00u00u00             53 	int _TRAP_IRQHandler ; trap
      000008 82v00u00u00             54 	int _TLI_IRQHandler ; int0
      00000C 82v00u00u00             55 	int _AWU_IRQHandler ; int1
      000010 82v00u00u00             56 	int _CLK_IRQHandler ; int2
      000014 82v00u00u00             57 	int _EXTI_PORTA_IRQHandler ; int3
      000018 82v00u00u00             58 	int _EXTI_PORTB_IRQHandler ; int4
      00001C 82v00u00u00             59 	int _EXTI_PORTC_IRQHandler ; int5
      000020 82v00u00u00             60 	int _EXTI_PORTD_IRQHandler ; int6
      000024 82v00u00u00             61 	int _EXTI_PORTE_IRQHandler ; int7
      000028 82v00u00u00             62 	int _CAN_RX_IRQHandler ; int8
      00002C 82v00u00u00             63 	int _CAN_TX_IRQHandler ; int9
      000030 82v00u00u00             64 	int _SPI_IRQHandler ; int10
      000034 82v00u00u00             65 	int _TIM1_UPD_OVF_TRG_BRK_IRQHandler ; int11
      000038 82v00u00u00             66 	int _TIM1_CAP_COM_IRQHandler ; int12
      00003C 82v00u00u00             67 	int _TIM2_UPD_OVF_BRK_IRQHandler ; int13
      000040 82v00u00u00             68 	int _TIM2_CAP_COM_IRQHandler ; int14
      000044 82v00u00u00             69 	int _TIM3_UPD_OVF_BRK_IRQHandler ; int15
      000048 82v00u00u00             70 	int _TIM3_CAP_COM_IRQHandler ; int16
      00004C 82v00u00u00             71 	int _UART1_TX_IRQHandler ; int17
      000050 82v00u00u00             72 	int _UART1_RX_IRQHandler ; int18
      000054 82v00u00u00             73 	int _I2C_IRQHandler ; int19
      000058 82v00u00u00             74 	int _UART3_TX_IRQHandler ; int20
      00005C 82v00u00u00             75 	int _UART3_RX_IRQHandler ; int21
      000060 82v00u00u00             76 	int _ADC2_IRQHandler ; int22
      000064 82v00u00u00             77 	int _TIM4_UPD_OVF_IRQHandler ; int23
      000068 82v00u00u00             78 	int _EEPROM_EEC_IRQHandler ; int24
                                     79 ;--------------------------------------------------------
                                     80 ; global & static initialisations
                                     81 ;--------------------------------------------------------
                                     82 	.area HOME
                                     83 	.area GSINIT
                                     84 	.area GSFINAL
                                     85 	.area GSINIT
      000000 CDr00r00         [ 4]   86 	call	___sdcc_external_startup
      000003 4D               [ 1]   87 	tnz	a
      000004 27 03            [ 1]   88 	jreq	__sdcc_init_data
      000006 CCr00r6C         [ 2]   89 	jp	__sdcc_program_startup
      000009                         90 __sdcc_init_data:
                                     91 ; stm8_genXINIT() start
      000009 AEr00r00         [ 2]   92 	ldw x, #l_DATA
      00000C 27 07            [ 1]   93 	jreq	00002$
      00000E                         94 00001$:
      00000E 72 4FuFFuFF      [ 1]   95 	clr (s_DATA - 1, x)
      000012 5A               [ 2]   96 	decw x
      000013 26 F9            [ 1]   97 	jrne	00001$
      000015                         98 00002$:
      000015 AEr00r00         [ 2]   99 	ldw	x, #l_INITIALIZER
      000018 27 09            [ 1]  100 	jreq	00004$
      00001A                        101 00003$:
      00001A D6uFFuFF         [ 1]  102 	ld	a, (s_INITIALIZER - 1, x)
      00001D D7uFFuFF         [ 1]  103 	ld	(s_INITIALIZED - 1, x), a
      000020 5A               [ 2]  104 	decw	x
      000021 26 F7            [ 1]  105 	jrne	00003$
      000023                        106 00004$:
                                    107 ; stm8_genXINIT() end
                                    108 	.area GSFINAL
      000000 CCr00r6C         [ 2]  109 	jp	__sdcc_program_startup
                                    110 ;--------------------------------------------------------
                                    111 ; Home
                                    112 ;--------------------------------------------------------
                                    113 	.area HOME
                                    114 	.area HOME
      00006C                        115 __sdcc_program_startup:
      00006C CCr00rE6         [ 2]  116 	jp	_main
                                    117 ;	return from main will return to caller
                                    118 ;--------------------------------------------------------
                                    119 ; code
                                    120 ;--------------------------------------------------------
                                    121 	.area CODE
                                    122 ;	./src/main.c: 21: void max7219_send(uint8_t address, uint8_t data) {
                                    123 ; genLabel
                                    124 ;	-----------------------------------------
                                    125 ;	 function max7219_send
                                    126 ;	-----------------------------------------
                                    127 ;	Register assignment is optimal.
                                    128 ;	Stack space usage: 2 bytes.
      000000                        129 _max7219_send:
      000000 89               [ 2]  130 	pushw	x
                                    131 ; genReceive
      000001 6B 01            [ 1]  132 	ld	(0x01, sp), a
                                    133 ;	./src/main.c: 23: CS_LOW;
                                    134 ; genSend
      000003 A6 02            [ 1]  135 	ld	a, #0x02
                                    136 ; genSend
      000005 AE 50 05         [ 2]  137 	ldw	x, #0x5005
                                    138 ; genCall
      000008 CDr00r00         [ 4]  139 	call	_GPIO_WriteLow
                                    140 ;	./src/main.c: 25: mask = 0b10000000;
                                    141 ; genAssign
      00000B A6 80            [ 1]  142 	ld	a, #0x80
      00000D 6B 02            [ 1]  143 	ld	(0x02, sp), a
                                    144 ;	./src/main.c: 26: CLK_LOW;
                                    145 ; genSend
      00000F A6 01            [ 1]  146 	ld	a, #0x01
                                    147 ; genSend
      000011 AE 50 05         [ 2]  148 	ldw	x, #0x5005
                                    149 ; genCall
      000014 CDr00r00         [ 4]  150 	call	_GPIO_WriteLow
                                    151 ;	./src/main.c: 28: while (mask) {
                                    152 ; genLabel
      000017                        153 00104$:
                                    154 ; genIfx
      000017 0D 02            [ 1]  155 	tnz	(0x02, sp)
      000019 26 03            [ 1]  156 	jrne	00157$
      00001B CCr00r50         [ 2]  157 	jp	00106$
      00001E                        158 00157$:
                                    159 ;	./src/main.c: 29: if (mask & address) {
                                    160 ; genAnd
      00001E 7B 02            [ 1]  161 	ld	a, (0x02, sp)
      000020 14 01            [ 1]  162 	and	a, (0x01, sp)
                                    163 ; genIfx
      000022 4D               [ 1]  164 	tnz	a
      000023 26 03            [ 1]  165 	jrne	00158$
      000025 CCr00r33         [ 2]  166 	jp	00102$
      000028                        167 00158$:
                                    168 ;	./src/main.c: 30: DATA_HIGH;
                                    169 ; genSend
      000028 A6 04            [ 1]  170 	ld	a, #0x04
                                    171 ; genSend
      00002A AE 50 05         [ 2]  172 	ldw	x, #0x5005
                                    173 ; genCall
      00002D CDr00r00         [ 4]  174 	call	_GPIO_WriteHigh
                                    175 ; genGoto
      000030 CCr00r3B         [ 2]  176 	jp	00103$
                                    177 ; genLabel
      000033                        178 00102$:
                                    179 ;	./src/main.c: 32: DATA_LOW;
                                    180 ; genSend
      000033 A6 04            [ 1]  181 	ld	a, #0x04
                                    182 ; genSend
      000035 AE 50 05         [ 2]  183 	ldw	x, #0x5005
                                    184 ; genCall
      000038 CDr00r00         [ 4]  185 	call	_GPIO_WriteLow
                                    186 ; genLabel
      00003B                        187 00103$:
                                    188 ;	./src/main.c: 34: CLK_HIGH;
                                    189 ; genSend
      00003B A6 01            [ 1]  190 	ld	a, #0x01
                                    191 ; genSend
      00003D AE 50 05         [ 2]  192 	ldw	x, #0x5005
                                    193 ; genCall
      000040 CDr00r00         [ 4]  194 	call	_GPIO_WriteHigh
                                    195 ;	./src/main.c: 35: mask = mask >> 1;
                                    196 ; genRightShiftLiteral
      000043 04 02            [ 1]  197 	srl	(0x02, sp)
                                    198 ;	./src/main.c: 36: CLK_LOW;
                                    199 ; genSend
      000045 A6 01            [ 1]  200 	ld	a, #0x01
                                    201 ; genSend
      000047 AE 50 05         [ 2]  202 	ldw	x, #0x5005
                                    203 ; genCall
      00004A CDr00r00         [ 4]  204 	call	_GPIO_WriteLow
                                    205 ; genGoto
      00004D CCr00r17         [ 2]  206 	jp	00104$
                                    207 ; genLabel
      000050                        208 00106$:
                                    209 ;	./src/main.c: 39: mask = 0b10000000;
                                    210 ; genAssign
      000050 A6 80            [ 1]  211 	ld	a, #0x80
      000052 6B 02            [ 1]  212 	ld	(0x02, sp), a
                                    213 ;	./src/main.c: 41: while (mask) {
                                    214 ; genLabel
      000054                        215 00110$:
                                    216 ; genIfx
      000054 0D 02            [ 1]  217 	tnz	(0x02, sp)
      000056 26 03            [ 1]  218 	jrne	00159$
      000058 CCr00r8D         [ 2]  219 	jp	00112$
      00005B                        220 00159$:
                                    221 ;	./src/main.c: 42: if (mask & data) {
                                    222 ; genAnd
      00005B 7B 02            [ 1]  223 	ld	a, (0x02, sp)
      00005D 14 05            [ 1]  224 	and	a, (0x05, sp)
                                    225 ; genIfx
      00005F 4D               [ 1]  226 	tnz	a
      000060 26 03            [ 1]  227 	jrne	00160$
      000062 CCr00r70         [ 2]  228 	jp	00108$
      000065                        229 00160$:
                                    230 ;	./src/main.c: 43: DATA_HIGH;
                                    231 ; genSend
      000065 A6 04            [ 1]  232 	ld	a, #0x04
                                    233 ; genSend
      000067 AE 50 05         [ 2]  234 	ldw	x, #0x5005
                                    235 ; genCall
      00006A CDr00r00         [ 4]  236 	call	_GPIO_WriteHigh
                                    237 ; genGoto
      00006D CCr00r78         [ 2]  238 	jp	00109$
                                    239 ; genLabel
      000070                        240 00108$:
                                    241 ;	./src/main.c: 45: DATA_LOW;
                                    242 ; genSend
      000070 A6 04            [ 1]  243 	ld	a, #0x04
                                    244 ; genSend
      000072 AE 50 05         [ 2]  245 	ldw	x, #0x5005
                                    246 ; genCall
      000075 CDr00r00         [ 4]  247 	call	_GPIO_WriteLow
                                    248 ; genLabel
      000078                        249 00109$:
                                    250 ;	./src/main.c: 47: CLK_HIGH;
                                    251 ; genSend
      000078 A6 01            [ 1]  252 	ld	a, #0x01
                                    253 ; genSend
      00007A AE 50 05         [ 2]  254 	ldw	x, #0x5005
                                    255 ; genCall
      00007D CDr00r00         [ 4]  256 	call	_GPIO_WriteHigh
                                    257 ;	./src/main.c: 48: mask = mask >> 1;
                                    258 ; genRightShiftLiteral
      000080 04 02            [ 1]  259 	srl	(0x02, sp)
                                    260 ;	./src/main.c: 49: CLK_LOW;
                                    261 ; genSend
      000082 A6 01            [ 1]  262 	ld	a, #0x01
                                    263 ; genSend
      000084 AE 50 05         [ 2]  264 	ldw	x, #0x5005
                                    265 ; genCall
      000087 CDr00r00         [ 4]  266 	call	_GPIO_WriteLow
                                    267 ; genGoto
      00008A CCr00r54         [ 2]  268 	jp	00110$
                                    269 ; genLabel
      00008D                        270 00112$:
                                    271 ;	./src/main.c: 52: CS_HIGH;
                                    272 ; genSend
      00008D A6 02            [ 1]  273 	ld	a, #0x02
                                    274 ; genSend
      00008F AE 50 05         [ 2]  275 	ldw	x, #0x5005
                                    276 ; genCall
      000092 CDr00r00         [ 4]  277 	call	_GPIO_WriteHigh
                                    278 ; genLabel
      000095                        279 00113$:
                                    280 ;	./src/main.c: 53: }
                                    281 ; genEndFunction
      000095 85               [ 2]  282 	popw	x
      000096 85               [ 2]  283 	popw	x
      000097 84               [ 1]  284 	pop	a
      000098 FC               [ 2]  285 	jp	(x)
                                    286 ;	./src/main.c: 55: void max7219_init(void) { 
                                    287 ; genLabel
                                    288 ;	-----------------------------------------
                                    289 ;	 function max7219_init
                                    290 ;	-----------------------------------------
                                    291 ;	Register assignment is optimal.
                                    292 ;	Stack space usage: 0 bytes.
      000099                        293 _max7219_init:
                                    294 ;	./src/main.c: 56: GPIO_Init(CS_GPIO, CS_PIN, GPIO_MODE_OUT_PP_LOW_SLOW);
                                    295 ; genIPush
      000099 4B C0            [ 1]  296 	push	#0xc0
                                    297 ; genSend
      00009B A6 02            [ 1]  298 	ld	a, #0x02
                                    299 ; genSend
      00009D AE 50 05         [ 2]  300 	ldw	x, #0x5005
                                    301 ; genCall
      0000A0 CDr00r00         [ 4]  302 	call	_GPIO_Init
                                    303 ;	./src/main.c: 57: GPIO_Init(CLK_GPIO, CLK_PIN, GPIO_MODE_OUT_PP_LOW_SLOW);
                                    304 ; genIPush
      0000A3 4B C0            [ 1]  305 	push	#0xc0
                                    306 ; genSend
      0000A5 A6 01            [ 1]  307 	ld	a, #0x01
                                    308 ; genSend
      0000A7 AE 50 05         [ 2]  309 	ldw	x, #0x5005
                                    310 ; genCall
      0000AA CDr00r00         [ 4]  311 	call	_GPIO_Init
                                    312 ;	./src/main.c: 58: GPIO_Init(DATA_GPIO, DATA_PIN, GPIO_MODE_OUT_PP_LOW_SLOW);
                                    313 ; genIPush
      0000AD 4B C0            [ 1]  314 	push	#0xc0
                                    315 ; genSend
      0000AF A6 04            [ 1]  316 	ld	a, #0x04
                                    317 ; genSend
      0000B1 AE 50 05         [ 2]  318 	ldw	x, #0x5005
                                    319 ; genCall
      0000B4 CDr00r00         [ 4]  320 	call	_GPIO_Init
                                    321 ;	./src/main.c: 61: max7219_send(DECODE_MODE, DECODE_ALL);        // dekodér
                                    322 ; genIPush
      0000B7 4B FF            [ 1]  323 	push	#0xff
                                    324 ; genSend
      0000B9 A6 09            [ 1]  325 	ld	a, #0x09
                                    326 ; genCall
      0000BB CDr00r00         [ 4]  327 	call	_max7219_send
                                    328 ;	./src/main.c: 62: max7219_send(SCAN_LIMIT, 0);                  // Kolik cifer zapneme(0=1cifra)
                                    329 ; genIPush
      0000BE 4B 00            [ 1]  330 	push	#0x00
                                    331 ; genSend
      0000C0 A6 0B            [ 1]  332 	ld	a, #0x0b
                                    333 ; genCall
      0000C2 CDr00r00         [ 4]  334 	call	_max7219_send
                                    335 ;	./src/main.c: 63: max7219_send(INTENSITY, 5);                   // Jas
                                    336 ; genIPush
      0000C5 4B 05            [ 1]  337 	push	#0x05
                                    338 ; genSend
      0000C7 A6 0A            [ 1]  339 	ld	a, #0x0a
                                    340 ; genCall
      0000C9 CDr00r00         [ 4]  341 	call	_max7219_send
                                    342 ;	./src/main.c: 64: max7219_send(DISPLAY_TEST, DISPLAY_TEST_OFF); // test displeje
                                    343 ; genIPush
      0000CC 4B 00            [ 1]  344 	push	#0x00
                                    345 ; genSend
      0000CE A6 0F            [ 1]  346 	ld	a, #0x0f
                                    347 ; genCall
      0000D0 CDr00r00         [ 4]  348 	call	_max7219_send
                                    349 ;	./src/main.c: 65: max7219_send(SHUTDOWN, SHUTDOWN_ON);          // On/OFF
                                    350 ; genIPush
      0000D3 4B 01            [ 1]  351 	push	#0x01
                                    352 ; genSend
      0000D5 A6 0C            [ 1]  353 	ld	a, #0x0c
                                    354 ; genCall
      0000D7 CDr00r00         [ 4]  355 	call	_max7219_send
                                    356 ; genLabel
      0000DA                        357 00101$:
                                    358 ;	./src/main.c: 66: }
                                    359 ; genEndFunction
      0000DA 81               [ 4]  360 	ret
                                    361 ;	./src/main.c: 68: void setup(void) {
                                    362 ; genLabel
                                    363 ;	-----------------------------------------
                                    364 ;	 function setup
                                    365 ;	-----------------------------------------
                                    366 ;	Register assignment is optimal.
                                    367 ;	Stack space usage: 0 bytes.
      0000DB                        368 _setup:
                                    369 ;	./src/main.c: 69: CLK_HSIPrescalerConfig(CLK_PRESCALER_HSIDIV1); // taktovat MCU na 16MHz
                                    370 ; genSend
      0000DB 4F               [ 1]  371 	clr	a
                                    372 ; genCall
      0000DC CDr00r00         [ 4]  373 	call	_CLK_HSIPrescalerConfig
                                    374 ;	./src/main.c: 71: init_milis();
                                    375 ; genCall
      0000DF CDr00r00         [ 4]  376 	call	_init_milis
                                    377 ;	./src/main.c: 73: max7219_init();
                                    378 ; genCall
      0000E2 CCr00r99         [ 2]  379 	jp	_max7219_init
                                    380 ; genLabel
      0000E5                        381 00101$:
                                    382 ;	./src/main.c: 74: }
                                    383 ; genEndFunction
      0000E5 81               [ 4]  384 	ret
                                    385 ;	./src/main.c: 76: int main(void) {
                                    386 ; genLabel
                                    387 ;	-----------------------------------------
                                    388 ;	 function main
                                    389 ;	-----------------------------------------
                                    390 ;	Register assignment might be sub-optimal.
                                    391 ;	Stack space usage: 13 bytes.
      0000E6                        392 _main:
      0000E6 52 0D            [ 2]  393 	sub	sp, #13
                                    394 ;	./src/main.c: 78: setup();
                                    395 ; genCall
      0000E8 CDr00rDB         [ 4]  396 	call	_setup
                                    397 ;	./src/main.c: 80: max7219_send(DIGIT0, 0);
                                    398 ; genIPush
      0000EB 4B 00            [ 1]  399 	push	#0x00
                                    400 ; genSend
      0000ED A6 01            [ 1]  401 	ld	a, #0x01
                                    402 ; genCall
      0000EF CDr00r00         [ 4]  403 	call	_max7219_send
                                    404 ;	./src/main.c: 83: uint32_t time = 0;
                                    405 ; genAssign
      0000F2 5F               [ 1]  406 	clrw	x
      0000F3 1F 03            [ 2]  407 	ldw	(0x03, sp), x
      0000F5 1F 01            [ 2]  408 	ldw	(0x01, sp), x
                                    409 ;	./src/main.c: 84: uint8_t jednotky = 0;
                                    410 ; genAssign
      0000F7 0F 0D            [ 1]  411 	clr	(0x0d, sp)
                                    412 ;	./src/main.c: 87: while (1) {
                                    413 ; genLabel
      0000F9                        414 00106$:
                                    415 ;	./src/main.c: 88: if ((milis() - time) > 500) {
                                    416 ; genCall
      0000F9 CDr00r00         [ 4]  417 	call	_milis
      0000FC 1F 0B            [ 2]  418 	ldw	(0x0b, sp), x
                                    419 ; genCast
      0000FE 16 0B            [ 2]  420 	ldw	y, (0x0b, sp)
      000100 17 07            [ 2]  421 	ldw	(0x07, sp), y
      000102 7B 07            [ 1]  422 	ld	a, (0x07, sp)
      000104 49               [ 1]  423 	rlc	a
      000105 4F               [ 1]  424 	clr	a
      000106 A2 00            [ 1]  425 	sbc	a, #0x00
      000108 6B 06            [ 1]  426 	ld	(0x06, sp), a
                                    427 ; genMinus
      00010A 1E 07            [ 2]  428 	ldw	x, (0x07, sp)
      00010C 72 F0 03         [ 2]  429 	subw	x, (0x03, sp)
      00010F 1F 0B            [ 2]  430 	ldw	(0x0b, sp), x
      000111 88               [ 1]  431 	push	a
      000112 7B 07            [ 1]  432 	ld	a, (0x07, sp)
      000114 12 03            [ 1]  433 	sbc	a, (0x03, sp)
      000116 6B 0B            [ 1]  434 	ld	(0x0b, sp), a
      000118 84               [ 1]  435 	pop	a
      000119 12 01            [ 1]  436 	sbc	a, (0x01, sp)
      00011B 6B 09            [ 1]  437 	ld	(0x09, sp), a
                                    438 ; genCmp
                                    439 ; genCmpTnz
      00011D AE 01 F4         [ 2]  440 	ldw	x, #0x01f4
      000120 13 0B            [ 2]  441 	cpw	x, (0x0b, sp)
      000122 4F               [ 1]  442 	clr	a
      000123 12 0A            [ 1]  443 	sbc	a, (0x0a, sp)
      000125 4F               [ 1]  444 	clr	a
      000126 12 09            [ 1]  445 	sbc	a, (0x09, sp)
      000128 25 03            [ 1]  446 	jrc	00131$
      00012A CCr00rF9         [ 2]  447 	jp	00106$
      00012D                        448 00131$:
                                    449 ; skipping generated iCode
                                    450 ;	./src/main.c: 89: time = milis();
                                    451 ; genCall
      00012D CDr00r00         [ 4]  452 	call	_milis
                                    453 ; genCast
      000130 1F 03            [ 2]  454 	ldw	(0x03, sp), x
      000132 7B 03            [ 1]  455 	ld	a, (0x03, sp)
      000134 49               [ 1]  456 	rlc	a
      000135 4F               [ 1]  457 	clr	a
      000136 A2 00            [ 1]  458 	sbc	a, #0x00
      000138 6B 02            [ 1]  459 	ld	(0x02, sp), a
      00013A 6B 01            [ 1]  460 	ld	(0x01, sp), a
                                    461 ;	./src/main.c: 90: max7219_send(DIGIT0, jednotky);
                                    462 ; genIPush
      00013C 7B 0D            [ 1]  463 	ld	a, (0x0d, sp)
      00013E 88               [ 1]  464 	push	a
                                    465 ; genSend
      00013F A6 01            [ 1]  466 	ld	a, #0x01
                                    467 ; genCall
      000141 CDr00r00         [ 4]  468 	call	_max7219_send
                                    469 ;	./src/main.c: 92: jednotky++;
                                    470 ; genPlus
      000144 0C 0D            [ 1]  471 	inc	(0x0d, sp)
                                    472 ;	./src/main.c: 93: if (jednotky > 9) {
                                    473 ; genCmp
                                    474 ; genCmpTnz
      000146 7B 0D            [ 1]  475 	ld	a, (0x0d, sp)
      000148 A1 09            [ 1]  476 	cp	a, #0x09
      00014A 22 03            [ 1]  477 	jrugt	00132$
      00014C CCr00rF9         [ 2]  478 	jp	00106$
      00014F                        479 00132$:
                                    480 ; skipping generated iCode
                                    481 ;	./src/main.c: 94: jednotky = 0;
                                    482 ; genAssign
      00014F 0F 0D            [ 1]  483 	clr	(0x0d, sp)
                                    484 ; genGoto
      000151 CCr00rF9         [ 2]  485 	jp	00106$
                                    486 ; genLabel
      000154                        487 00108$:
                                    488 ;	./src/main.c: 98: }
                                    489 ; genEndFunction
      000154 5B 0D            [ 2]  490 	addw	sp, #13
      000156 81               [ 4]  491 	ret
                                    492 	.area CODE
                                    493 	.area CONST
                                    494 	.area INITIALIZER
                                    495 	.area CABS (ABS)
